\BOOKMARK [1][-]{section.1}{Project Description}{}% 1
\BOOKMARK [1][-]{section.2}{Specifications}{}% 2
\BOOKMARK [1][-]{section.3}{Assumptions}{}% 3
\BOOKMARK [1][-]{section.4}{Initial Design}{}% 4
\BOOKMARK [2][-]{subsection.4.1}{Business Logic}{section.4}% 5
\BOOKMARK [3][-]{subsubsection.4.1.1}{Basic Operations}{subsection.4.1}% 6
\BOOKMARK [3][-]{subsubsection.4.1.2}{Storyboard}{subsection.4.1}% 7
\BOOKMARK [2][-]{subsection.4.2}{Sever state chart}{section.4}% 8
\BOOKMARK [2][-]{subsection.4.3}{Client State Chart}{section.4}% 9
\BOOKMARK [2][-]{subsection.4.4}{Application Protocol Design}{section.4}% 10
\BOOKMARK [1][-]{section.5}{Example}{}% 11
\BOOKMARK [1][-]{section.6}{Data model}{}% 12
\BOOKMARK [1][-]{section.7}{Message Protocol}{}% 13
\BOOKMARK [2][-]{subsection.7.1}{Client}{section.7}% 14
\BOOKMARK [3][-]{subsubsection.7.1.1}{Header file}{subsection.7.1}% 15
\BOOKMARK [3][-]{subsubsection.7.1.2}{Test File}{subsection.7.1}% 16
\BOOKMARK [3][-]{subsubsection.7.1.3}{Makefile}{subsection.7.1}% 17
\BOOKMARK [2][-]{subsection.7.2}{Results}{section.7}% 18
\BOOKMARK [1][-]{section.8}{Server Marshal}{}% 19
\BOOKMARK [2][-]{subsection.8.1}{Header File}{section.8}% 20
\BOOKMARK [2][-]{subsection.8.2}{Test program}{section.8}% 21
\BOOKMARK [2][-]{subsection.8.3}{Makefile}{section.8}% 22
